<?xml version="1.0" encoding="UTF-8"?>
<testng-results ignored="0" total="1" passed="1" failed="0" skipped="0">
  <reporter-output>
  </reporter-output>
  <suite started-at="2023-01-03T10:43:10 IST" name="Default suite" finished-at="2023-01-03T10:43:11 IST" duration-ms="1502">
    <groups>
    </groups>
    <test started-at="2023-01-03T10:43:10 IST" name="Default test" finished-at="2023-01-03T10:43:11 IST" duration-ms="1502">
      <class name="mavenproject1.project1.LaunchBrowser">
        <test-method signature="launchChrome()[pri:0, instance:mavenproject1.project1.LaunchBrowser@3c22fc4c]" started-at="2023-01-03T10:43:10 IST" name="launchChrome" finished-at="2023-01-03T10:43:11 IST" duration-ms="1470" status="PASS">
          <reporter-output>
          </reporter-output>
        </test-method> <!-- launchChrome -->
      </class> <!-- mavenproject1.project1.LaunchBrowser -->
    </test> <!-- Default test -->
  </suite> <!-- Default suite -->
</testng-results>
